[2025-08-09 23:05:34] CustomEmbed cog initialised.
[2025-08-09 23:05:34] Loaded cog: custom_embed
[2025-08-09 23:05:34] Loaded cog: help
[2025-08-09 22:05:34] InstagramMonitor initialised for @thisissigrid
[2025-08-09 23:05:34] Loaded cog: instagram_monitor
[2025-08-09 23:05:34] Scrape cog initialised and configuration loaded successfully.
[2025-08-09 23:05:34] Loaded cog: scrape
[2025-08-09 23:05:34] Loaded cog: sticky
[2025-08-09 23:05:34] Loaded cog: uptime
[2025-08-09 23:05:34] Loaded cog: welcome
[2025-08-09 23:05:37] Bot logged in as SigridHQ#7645 (ID: 1403855821502152714).
[2025-08-09 23:05:37] CustomEmbed cog synced successfully.
[2025-08-09 23:05:37] Help cog synced successfully.
[2025-08-09 22:05:37] InstagramMonitor cog synced successfully.
[2025-08-09 23:05:37] Scrape cog synced successfully.
[2025-08-09 23:05:37] Sticky cog synced successfully.
[2025-08-09 23:05:37] Uptime cog synced successfully.
[2025-08-09 23:05:37] Welcome cog synced successfully.
[2025-08-09 23:05:38] Successfully synced 6 slash commands.
[2025-08-09 22:05:38] Error polling Instagram: 403 Forbidden (error code: 50013): Missing Permissions
[2025-08-09 23:07:20] CustomEmbed cog initialised.
[2025-08-09 23:07:20] Loaded cog: custom_embed
[2025-08-09 23:07:20] Loaded cog: help
[2025-08-09 22:07:20] InstagramMonitor initialised for @thisissigrid
[2025-08-09 23:07:20] Loaded cog: instagram_monitor
[2025-08-09 23:07:20] Scrape cog initialised and configuration loaded successfully.
[2025-08-09 23:07:20] Loaded cog: scrape
[2025-08-09 23:07:20] Loaded cog: sticky
[2025-08-09 23:07:20] Loaded cog: uptime
[2025-08-09 23:07:20] Loaded cog: welcome
[2025-08-09 23:07:23] Bot logged in as SigridHQ#7645 (ID: 1403855821502152714).
[2025-08-09 23:07:23] CustomEmbed cog synced successfully.
[2025-08-09 23:07:23] Help cog synced successfully.
[2025-08-09 22:07:23] InstagramMonitor cog synced successfully.
[2025-08-09 23:07:23] Scrape cog synced successfully.
[2025-08-09 23:07:23] Sticky cog synced successfully.
[2025-08-09 23:07:23] Uptime cog synced successfully.
[2025-08-09 23:07:23] Welcome cog synced successfully.
[2025-08-09 23:07:24] Successfully synced 6 slash commands.
[2025-08-09 23:11:10] Failed to send welcome message for Carl-bot (ID: 235148962103951360) in channel #🤝welcome (ID: 948283107474280449) in guild 'Sigrid Official' (ID: 945341146882785300). Error: 403 Forbidden (error code: 50013): Missing Permissions
[2025-08-09 23:15:12] CustomEmbed cog initialised.
[2025-08-09 23:15:12] Loaded cog: custom_embed
[2025-08-09 23:15:12] Loaded cog: help
[2025-08-09 22:15:12] InstagramMonitor initialised for @thisissigrid
[2025-08-09 23:15:12] Loaded cog: instagram_monitor
[2025-08-09 23:15:12] Scrape cog initialised and configuration loaded successfully.
[2025-08-09 23:15:12] Loaded cog: scrape
[2025-08-09 23:15:12] Loaded cog: sticky
[2025-08-09 23:15:12] Loaded cog: uptime
[2025-08-09 23:15:12] Loaded cog: welcome
[2025-08-09 23:15:15] Bot logged in as SigridHQ#7645 (ID: 1403855821502152714).
[2025-08-09 23:15:15] CustomEmbed cog synced successfully.
[2025-08-09 23:15:15] Help cog synced successfully.
[2025-08-09 22:15:15] InstagramMonitor cog synced successfully.
[2025-08-09 23:15:15] Scrape cog synced successfully.
[2025-08-09 23:15:15] Sticky cog synced successfully.
[2025-08-09 23:15:15] Uptime cog synced successfully.
[2025-08-09 23:15:15] Welcome cog synced successfully.
[2025-08-09 23:15:16] Successfully synced 6 slash commands.
[2025-08-09 23:18:33] CustomEmbed cog initialised.
[2025-08-09 23:18:33] Loaded cog: custom_embed
[2025-08-09 23:18:33] Loaded cog: help
[2025-08-09 22:18:33] InstagramMonitor initialised for @thisissigrid
[2025-08-09 23:18:33] Loaded cog: instagram_monitor
[2025-08-09 23:18:33] Scrape cog initialised and configuration loaded successfully.
[2025-08-09 23:18:33] Loaded cog: scrape
[2025-08-09 23:18:33] Loaded cog: sticky
[2025-08-09 23:18:33] Loaded cog: uptime
[2025-08-09 23:18:33] Loaded cog: welcome
[2025-08-09 23:18:36] Bot logged in as SigridHQ#7645 (ID: 1403855821502152714).
[2025-08-09 23:18:36] CustomEmbed cog synced successfully.
[2025-08-09 23:18:36] Help cog synced successfully.
[2025-08-09 22:18:36] InstagramMonitor cog synced successfully.
[2025-08-09 23:18:36] Scrape cog synced successfully.
[2025-08-09 23:18:36] Sticky cog synced successfully.
[2025-08-09 23:18:36] Uptime cog synced successfully.
[2025-08-09 23:18:36] Welcome cog synced successfully.
[2025-08-09 23:18:37] Successfully synced 6 slash commands.
[2025-08-09 23:20:35] Sent welcome message for theparlourhq (ID: 1152192020253769788) in channel #🤝welcome (ID: 948283107474280449) in guild 'Sigrid Official' (ID: 945341146882785300).
[2025-08-09 23:23:39] Sent welcome message for Tickets (ID: 508391840525975553) in channel #🤝welcome (ID: 948283107474280449) in guild 'Sigrid Official' (ID: 945341146882785300).
[2025-08-09 23:26:44] Sent welcome message for Tickets v2 (ID: 1325579039888511056) in channel #🤝welcome (ID: 948283107474280449) in guild 'Sigrid Official' (ID: 945341146882785300).
[2025-08-09 23:33:13] Bot resumed: Updating sticky messages in all channels.
[2025-08-09 23:38:50] Bot resumed: Updating sticky messages in all channels.
[2025-08-09 23:41:29] CustomEmbed cog initialised.
[2025-08-09 23:41:29] Loaded cog: custom_embed
[2025-08-09 23:41:29] Loaded cog: help
[2025-08-09 22:41:29] InstagramMonitor initialised for @thisissigrid
[2025-08-09 23:41:29] Loaded cog: instagram_monitor
[2025-08-09 23:41:29] Scrape cog initialised and configuration loaded successfully.
[2025-08-09 23:41:29] Loaded cog: scrape
[2025-08-09 23:41:29] Loaded cog: sticky
[2025-08-09 23:41:29] Loaded cog: uptime
[2025-08-09 23:41:29] Loaded cog: welcome
[2025-08-09 23:41:32] Bot logged in as SigridHQ#7645 (ID: 1403855821502152714).
[2025-08-09 23:41:32] CustomEmbed cog synced successfully.
[2025-08-09 23:41:32] Help cog synced successfully.
[2025-08-09 22:41:32] InstagramMonitor cog synced successfully.
[2025-08-09 23:41:32] Scrape cog synced successfully.
[2025-08-09 23:41:32] Sticky cog synced successfully.
[2025-08-09 23:41:32] Uptime cog synced successfully.
[2025-08-09 23:41:32] Welcome cog synced successfully.
[2025-08-09 23:41:33] Successfully synced 6 slash commands.
[2025-08-09 23:42:00] Sent welcome message for Tickets v2 (ID: 1325579039888511056) in channel #🤝welcome (ID: 948283107474280449) in guild 'Sigrid Official' (ID: 945341146882785300).
[2025-08-09 23:48:01] Sent welcome message for Tickets v2 (ID: 1325579039888511056) in channel #🤝welcome (ID: 948283107474280449) in guild 'Sigrid Official' (ID: 945341146882785300).
[2025-08-09 23:50:09] Sent welcome message for Tickets v2 (ID: 1325579039888511056) in channel #🤝welcome (ID: 948283107474280449) in guild 'Sigrid Official' (ID: 945341146882785300).
[2025-08-09 23:51:06] Sent welcome message for Tickets v2 (ID: 1325579039888511056) in channel #🤝welcome (ID: 948283107474280449) in guild 'Sigrid Official' (ID: 945341146882785300).
